\BOOKMARK [0][-]{chapter.1}{1 Einleitung \(unfinished\)}{}% 1
\BOOKMARK [0][-]{chapter.2}{2 K\374nstliche neuronale Netze}{}% 2
\BOOKMARK [1][-]{section.2.1}{2.1 Feedforward Netzwerke}{chapter.2}% 3
\BOOKMARK [2][-]{subsection.2.1.1}{2.1.1 Training durch Backpropagation}{section.2.1}% 4
\BOOKMARK [1][-]{section.2.2}{2.2 Recurrent Netzwerke}{chapter.2}% 5
\BOOKMARK [2][-]{subsection.2.2.1}{2.2.1 Training durch Backpropagation Through Time}{section.2.2}% 6
\BOOKMARK [2][-]{subsection.2.2.2}{2.2.2 Problem der verschwindenden und explodierenden Gradienten}{section.2.2}% 7
\BOOKMARK [2][-]{subsection.2.2.3}{2.2.3 Problem der Langzeit-Abh\344ngigkeiten}{section.2.2}% 8
\BOOKMARK [1][-]{section.2.3}{2.3 Long Short-Term Memory Netze}{chapter.2}% 9
\BOOKMARK [2][-]{subsection.2.3.1}{2.3.1 Aufbau einer Speicherzelle}{section.2.3}% 10
\BOOKMARK [2][-]{subsection.2.3.2}{2.3.2 LSTM Varianten}{section.2.3}% 11
\BOOKMARK [1][-]{section.2.4}{2.4 Aktueller Forschungsstand \(unfinished\)}{chapter.2}% 12
\BOOKMARK [2][-]{subsection.2.4.1}{2.4.1 noch ohne Titel}{section.2.4}% 13
\BOOKMARK [2][-]{subsection.2.4.2}{2.4.2 Musikerzeugung}{section.2.4}% 14
\BOOKMARK [0][-]{chapter.3}{3 Deeplearning4j \(unfinished\)}{}% 15
\BOOKMARK [1][-]{section.3.1}{3.1 Getting started \(unfinished\)}{chapter.3}% 16
\BOOKMARK [2][-]{subsection.3.1.1}{3.1.1 Vorraussetzungen und Empfehlungen \(unfinished\)}{section.3.1}% 17
\BOOKMARK [1][-]{section.3.2}{3.2 Feedforward Netze \(unfinished\)}{chapter.3}% 18
\BOOKMARK [1][-]{section.3.3}{3.3 Recurrent Neuronal Network \(unfinished\)}{chapter.3}% 19
\BOOKMARK [2][-]{subsection.3.3.1}{3.3.1 Builder}{section.3.3}% 20
\BOOKMARK [2][-]{subsection.3.3.2}{3.3.2 ListBuilder}{section.3.3}% 21
\BOOKMARK [2][-]{subsection.3.3.3}{3.3.3 Netz erzeugen}{section.3.3}% 22
\BOOKMARK [2][-]{subsection.3.3.4}{3.3.4 Daten erstellen}{section.3.3}% 23
\BOOKMARK [2][-]{subsection.3.3.5}{3.3.5 Netz trainieren}{section.3.3}% 24
\BOOKMARK [1][-]{section.3.4}{3.4 LSTM Netze \(unfinished\)}{chapter.3}% 25
\BOOKMARK [0][-]{appendix.A}{A DL4J-Projekt in IntelliJ aufsetzen}{}% 26
